<?xml version="1.0" encoding="UTF-8"?>
<!-- Generated by org.testng.reporters.JUnitReportReporter -->
<testsuite hostname="LAPTOP-9UTP5DV4" failures="0" tests="1" name="StepDefinition.BrowserOpenTest" time="6.168" errors="0" timestamp="21 May 2021 09:25:45 GMT" skipped="0">
  <testcase classname="StepDefinition.BrowserOpenTest" name="navigation" time="6.168"/>
</testsuite> <!-- StepDefinition.BrowserOpenTest -->
