<?xml version="1.0" encoding="UTF-8"?>
<!-- Generated by org.testng.reporters.JUnitReportReporter -->
<testsuite hostname="LAPTOP-9UTP5DV4" failures="0" tests="1" name="StepDefinition.PackageTest" time="13.935" errors="0" timestamp="21 May 2021 09:25:45 GMT" skipped="0">
  <testcase classname="StepDefinition.PackageTest" name="navigation" time="13.935"/>
</testsuite> <!-- StepDefinition.PackageTest -->
